This file contains any messages produced by compilers while
running configure, to aid debugging if configure makes a mistake.

It was created by configure, which was
generated by GNU Autoconf 2.59.  Invocation command line was

  $ /buildroot/otp_src_17.0/lib/wx/./configure --prefix=/usr/local --prefix=/usr/local --cache-file=/dev/null --srcdir=/buildroot/otp_src_17.0/lib --cache-file=/dev/null --srcdir=/buildroot/otp_src_17.0/lib/wx/.

## --------- ##
## Platform. ##
## --------- ##

hostname = 4ea2e8cb9565
uname -m = x86_64
uname -r = 4.13.16-coreos-r2
uname -s = Linux
uname -v = #1 SMP Wed Dec 6 04:27:34 UTC 2017

/usr/bin/uname -p = x86_64
/bin/uname -X     = unknown

/bin/arch              = x86_64
/usr/bin/arch -k       = unknown
/usr/convex/getsysinfo = unknown
hostinfo               = unknown
/bin/machine           = unknown
/usr/bin/oslevel       = unknown
/bin/universe          = unknown

PATH: /usr/local/sbin
PATH: /usr/local/bin
PATH: /usr/sbin
PATH: /usr/bin
PATH: /sbin
PATH: /bin


## ----------- ##
## Core tests. ##
## ----------- ##

configure:1436: checking build system type
configure:1454: result: x86_64-unknown-linux-gnu
configure:1462: checking host system type
configure:1476: result: x86_64-unknown-linux-gnu
configure:1547: checking for gcc
configure:1563: found /usr/bin/gcc
configure:1573: result: gcc
configure:1817: checking for C compiler version
configure:1820: gcc --version </dev/null >&5
gcc (GCC) 4.8.5 20150623 (Red Hat 4.8.5-16)
Copyright (C) 2015 Free Software Foundation, Inc.
This is free software; see the source for copying conditions.  There is NO
warranty; not even for MERCHANTABILITY or FITNESS FOR A PARTICULAR PURPOSE.

configure:1823: $? = 0
configure:1825: gcc -v </dev/null >&5
Using built-in specs.
COLLECT_GCC=gcc
COLLECT_LTO_WRAPPER=/usr/libexec/gcc/x86_64-redhat-linux/4.8.5/lto-wrapper
Target: x86_64-redhat-linux
Configured with: ../configure --prefix=/usr --mandir=/usr/share/man --infodir=/usr/share/info --with-bugurl=http://bugzilla.redhat.com/bugzilla --enable-bootstrap --enable-shared --enable-threads=posix --enable-checking=release --with-system-zlib --enable-__cxa_atexit --disable-libunwind-exceptions --enable-gnu-unique-object --enable-linker-build-id --with-linker-hash-style=gnu --enable-languages=c,c++,objc,obj-c++,java,fortran,ada,go,lto --enable-plugin --enable-initfini-array --disable-libgcj --with-isl=/builddir/build/BUILD/gcc-4.8.5-20150702/obj-x86_64-redhat-linux/isl-install --with-cloog=/builddir/build/BUILD/gcc-4.8.5-20150702/obj-x86_64-redhat-linux/cloog-install --enable-gnu-indirect-function --with-tune=generic --with-arch_32=x86-64 --build=x86_64-redhat-linux
Thread model: posix
gcc version 4.8.5 20150623 (Red Hat 4.8.5-16) (GCC) 
configure:1828: $? = 0
configure:1830: gcc -V </dev/null >&5
gcc: error: unrecognized command line option '-V'
gcc: fatal error: no input files
compilation terminated.
configure:1833: $? = 4
configure:1856: checking for C compiler default output file name
configure:1859: gcc    conftest.c  >&5
configure:1862: $? = 0
configure:1908: result: a.out
configure:1913: checking whether the C compiler works
configure:1919: ./a.out
configure:1922: $? = 0
configure:1939: result: yes
configure:1946: checking whether we are cross compiling
configure:1948: result: no
configure:1951: checking for suffix of executables
configure:1953: gcc -o conftest    conftest.c  >&5
configure:1956: $? = 0
configure:1981: result: 
configure:1987: checking for suffix of object files
configure:2008: gcc -c   conftest.c >&5
configure:2011: $? = 0
configure:2033: result: o
configure:2037: checking whether we are using the GNU C compiler
configure:2061: gcc -c   conftest.c >&5
configure:2067: $? = 0
configure:2071: test -z 
			 || test ! -s conftest.err
configure:2074: $? = 0
configure:2077: test -s conftest.o
configure:2080: $? = 0
configure:2093: result: yes
configure:2099: checking whether gcc accepts -g
configure:2120: gcc -c -g  conftest.c >&5
configure:2126: $? = 0
configure:2130: test -z 
			 || test ! -s conftest.err
configure:2133: $? = 0
configure:2136: test -s conftest.o
configure:2139: $? = 0
configure:2150: result: yes
configure:2167: checking for gcc option to accept ANSI C
configure:2237: gcc  -c -g -O2  conftest.c >&5
configure:2243: $? = 0
configure:2247: test -z 
			 || test ! -s conftest.err
configure:2250: $? = 0
configure:2253: test -s conftest.o
configure:2256: $? = 0
configure:2274: result: none needed
configure:2292: gcc -c -g -O2  conftest.c >&5
conftest.c:2:3: error: unknown type name 'choke'
   choke me
   ^
conftest.c:2:3: error: expected '=', ',', ';', 'asm' or '__attribute__' at end of input
configure:2298: $? = 1
configure: failed program was:
| #ifndef __cplusplus
|   choke me
| #endif
configure:2483: checking for g++
configure:2499: found /usr/bin/g++
configure:2509: result: g++
configure:2525: checking for C++ compiler version
configure:2528: g++ --version </dev/null >&5
g++ (GCC) 4.8.5 20150623 (Red Hat 4.8.5-16)
Copyright (C) 2015 Free Software Foundation, Inc.
This is free software; see the source for copying conditions.  There is NO
warranty; not even for MERCHANTABILITY or FITNESS FOR A PARTICULAR PURPOSE.

configure:2531: $? = 0
configure:2533: g++ -v </dev/null >&5
Using built-in specs.
COLLECT_GCC=g++
COLLECT_LTO_WRAPPER=/usr/libexec/gcc/x86_64-redhat-linux/4.8.5/lto-wrapper
Target: x86_64-redhat-linux
Configured with: ../configure --prefix=/usr --mandir=/usr/share/man --infodir=/usr/share/info --with-bugurl=http://bugzilla.redhat.com/bugzilla --enable-bootstrap --enable-shared --enable-threads=posix --enable-checking=release --with-system-zlib --enable-__cxa_atexit --disable-libunwind-exceptions --enable-gnu-unique-object --enable-linker-build-id --with-linker-hash-style=gnu --enable-languages=c,c++,objc,obj-c++,java,fortran,ada,go,lto --enable-plugin --enable-initfini-array --disable-libgcj --with-isl=/builddir/build/BUILD/gcc-4.8.5-20150702/obj-x86_64-redhat-linux/isl-install --with-cloog=/builddir/build/BUILD/gcc-4.8.5-20150702/obj-x86_64-redhat-linux/cloog-install --enable-gnu-indirect-function --with-tune=generic --with-arch_32=x86-64 --build=x86_64-redhat-linux
Thread model: posix
gcc version 4.8.5 20150623 (Red Hat 4.8.5-16) (GCC) 
configure:2536: $? = 0
configure:2538: g++ -V </dev/null >&5
g++: error: unrecognized command line option '-V'
g++: fatal error: no input files
compilation terminated.
configure:2541: $? = 4
configure:2544: checking whether we are using the GNU C++ compiler
configure:2568: g++ -c   conftest.cc >&5
configure:2574: $? = 0
configure:2578: test -z 
			 || test ! -s conftest.err
configure:2581: $? = 0
configure:2584: test -s conftest.o
configure:2587: $? = 0
configure:2600: result: yes
configure:2606: checking whether g++ accepts -g
configure:2627: g++ -c -g  conftest.cc >&5
configure:2633: $? = 0
configure:2637: test -z 
			 || test ! -s conftest.err
configure:2640: $? = 0
configure:2643: test -s conftest.o
configure:2646: $? = 0
configure:2657: result: yes
configure:2699: g++ -c -g -O2  conftest.cc >&5
configure:2705: $? = 0
configure:2709: test -z 
			 || test ! -s conftest.err
configure:2712: $? = 0
configure:2715: test -s conftest.o
configure:2718: $? = 0
configure:2744: g++ -c -g -O2  conftest.cc >&5
conftest.cc: In function 'int main()':
conftest.cc:13:9: error: 'exit' was not declared in this scope
 exit (42);
         ^
configure:2750: $? = 1
configure: failed program was:
| /* confdefs.h.  */
| 
| #define PACKAGE_NAME ""
| #define PACKAGE_TARNAME ""
| #define PACKAGE_VERSION ""
| #define PACKAGE_STRING ""
| #define PACKAGE_BUGREPORT ""
| /* end confdefs.h.  */
| 
| int
| main ()
| {
| exit (42);
|   ;
|   return 0;
| }
configure:2699: g++ -c -g -O2  conftest.cc >&5
conftest.cc:9:40: error: 'void std::exit(int)' should have been declared inside 'std'
 extern "C" void std::exit (int) throw (); using std::exit;
                                        ^
configure:2705: $? = 1
configure: failed program was:
| /* confdefs.h.  */
| 
| #define PACKAGE_NAME ""
| #define PACKAGE_TARNAME ""
| #define PACKAGE_VERSION ""
| #define PACKAGE_STRING ""
| #define PACKAGE_BUGREPORT ""
| /* end confdefs.h.  */
| extern "C" void std::exit (int) throw (); using std::exit;
| #include <stdlib.h>
| int
| main ()
| {
| exit (42);
|   ;
|   return 0;
| }
configure:2699: g++ -c -g -O2  conftest.cc >&5
conftest.cc:9:31: error: 'void std::exit(int)' should have been declared inside 'std'
 extern "C" void std::exit (int); using std::exit;
                               ^
In file included from conftest.cc:10:0:
/usr/include/stdlib.h:542:70: error: declaration of 'void std::exit(int) throw ()' has a different exception specifier
 extern void exit (int __status) __THROW __attribute__ ((__noreturn__));
                                                                      ^
conftest.cc:9:17: error: from previous declaration 'void std::exit(int)'
 extern "C" void std::exit (int); using std::exit;
                 ^
configure:2705: $? = 1
configure: failed program was:
| /* confdefs.h.  */
| 
| #define PACKAGE_NAME ""
| #define PACKAGE_TARNAME ""
| #define PACKAGE_VERSION ""
| #define PACKAGE_STRING ""
| #define PACKAGE_BUGREPORT ""
| /* end confdefs.h.  */
| extern "C" void std::exit (int); using std::exit;
| #include <stdlib.h>
| int
| main ()
| {
| exit (42);
|   ;
|   return 0;
| }
configure:2699: g++ -c -g -O2  conftest.cc >&5
configure:2705: $? = 0
configure:2709: test -z 
			 || test ! -s conftest.err
configure:2712: $? = 0
configure:2715: test -s conftest.o
configure:2718: $? = 0
configure:2744: g++ -c -g -O2  conftest.cc >&5
configure:2750: $? = 0
configure:2754: test -z 
			 || test ! -s conftest.err
configure:2757: $? = 0
configure:2760: test -s conftest.o
configure:2763: $? = 0
configure:2827: checking for ranlib
configure:2843: found /usr/bin/ranlib
configure:2854: result: ranlib
configure:2871: checking how to run the C preprocessor
configure:2906: gcc -E  conftest.c
configure:2912: $? = 0
configure:2944: gcc -E  conftest.c
conftest.c:12:28: fatal error: ac_nonexistent.h: No such file or directory
 #include <ac_nonexistent.h>
                            ^
compilation terminated.
configure:2950: $? = 1
configure: failed program was:
| /* confdefs.h.  */
| 
| #define PACKAGE_NAME ""
| #define PACKAGE_TARNAME ""
| #define PACKAGE_VERSION ""
| #define PACKAGE_STRING ""
| #define PACKAGE_BUGREPORT ""
| #ifdef __cplusplus
| extern "C" void exit (int) throw ();
| #endif
| /* end confdefs.h.  */
| #include <ac_nonexistent.h>
configure:2989: result: gcc -E
configure:3013: gcc -E  conftest.c
configure:3019: $? = 0
configure:3051: gcc -E  conftest.c
conftest.c:12:28: fatal error: ac_nonexistent.h: No such file or directory
 #include <ac_nonexistent.h>
                            ^
compilation terminated.
configure:3057: $? = 1
configure: failed program was:
| /* confdefs.h.  */
| 
| #define PACKAGE_NAME ""
| #define PACKAGE_TARNAME ""
| #define PACKAGE_VERSION ""
| #define PACKAGE_STRING ""
| #define PACKAGE_BUGREPORT ""
| #ifdef __cplusplus
| extern "C" void exit (int) throw ();
| #endif
| /* end confdefs.h.  */
| #include <ac_nonexistent.h>
configure:3101: Building for linux-gnu
configure:3109: checking for mixed cygwin or msys and native VC++ environment
configure:3134: result: no
configure:3150: checking for mixed cygwin and native MinGW environment
configure:3168: result: no
configure:3177: checking if we mix cygwin with any native compiler
configure:3183: result: no
configure:3189: checking if we mix msys with another native compiler
configure:3195: result: no
configure:3210: checking for egrep
configure:3220: result: grep -E
configure:3225: checking for ANSI C header files
configure:3250: gcc -c -g -O2  conftest.c >&5
configure:3256: $? = 0
configure:3260: test -z 
			 || test ! -s conftest.err
configure:3263: $? = 0
configure:3266: test -s conftest.o
configure:3269: $? = 0
configure:3358: gcc -o conftest -g -O2   conftest.c  >&5
conftest.c: In function 'main':
conftest.c:29:7: warning: incompatible implicit declaration of built-in function 'exit' [enabled by default]
       exit(2);
       ^
configure:3361: $? = 0
configure:3363: ./conftest
configure:3366: $? = 0
configure:3381: result: yes
configure:3405: checking for sys/types.h
configure:3421: gcc -c -g -O2  conftest.c >&5
configure:3427: $? = 0
configure:3431: test -z 
			 || test ! -s conftest.err
configure:3434: $? = 0
configure:3437: test -s conftest.o
configure:3440: $? = 0
configure:3451: result: yes
configure:3405: checking for sys/stat.h
configure:3421: gcc -c -g -O2  conftest.c >&5
configure:3427: $? = 0
configure:3431: test -z 
			 || test ! -s conftest.err
configure:3434: $? = 0
configure:3437: test -s conftest.o
configure:3440: $? = 0
configure:3451: result: yes
configure:3405: checking for stdlib.h
configure:3421: gcc -c -g -O2  conftest.c >&5
configure:3427: $? = 0
configure:3431: test -z 
			 || test ! -s conftest.err
configure:3434: $? = 0
configure:3437: test -s conftest.o
configure:3440: $? = 0
configure:3451: result: yes
configure:3405: checking for string.h
configure:3421: gcc -c -g -O2  conftest.c >&5
configure:3427: $? = 0
configure:3431: test -z 
			 || test ! -s conftest.err
configure:3434: $? = 0
configure:3437: test -s conftest.o
configure:3440: $? = 0
configure:3451: result: yes
configure:3405: checking for memory.h
configure:3421: gcc -c -g -O2  conftest.c >&5
configure:3427: $? = 0
configure:3431: test -z 
			 || test ! -s conftest.err
configure:3434: $? = 0
configure:3437: test -s conftest.o
configure:3440: $? = 0
configure:3451: result: yes
configure:3405: checking for strings.h
configure:3421: gcc -c -g -O2  conftest.c >&5
configure:3427: $? = 0
configure:3431: test -z 
			 || test ! -s conftest.err
configure:3434: $? = 0
configure:3437: test -s conftest.o
configure:3440: $? = 0
configure:3451: result: yes
configure:3405: checking for inttypes.h
configure:3421: gcc -c -g -O2  conftest.c >&5
configure:3427: $? = 0
configure:3431: test -z 
			 || test ! -s conftest.err
configure:3434: $? = 0
configure:3437: test -s conftest.o
configure:3440: $? = 0
configure:3451: result: yes
configure:3405: checking for stdint.h
configure:3421: gcc -c -g -O2  conftest.c >&5
configure:3427: $? = 0
configure:3431: test -z 
			 || test ! -s conftest.err
configure:3434: $? = 0
configure:3437: test -s conftest.o
configure:3440: $? = 0
configure:3451: result: yes
configure:3405: checking for unistd.h
configure:3421: gcc -c -g -O2  conftest.c >&5
configure:3427: $? = 0
configure:3431: test -z 
			 || test ! -s conftest.err
configure:3434: $? = 0
configure:3437: test -s conftest.o
configure:3440: $? = 0
configure:3451: result: yes
configure:3463: checking for void *
configure:3487: gcc -c -g -O2  conftest.c >&5
configure:3493: $? = 0
configure:3497: test -z 
			 || test ! -s conftest.err
configure:3500: $? = 0
configure:3503: test -s conftest.o
configure:3506: $? = 0
configure:3517: result: yes
configure:3520: checking size of void *
configure:3839: gcc -o conftest -g -O2   conftest.c  >&5
configure:3842: $? = 0
configure:3844: ./conftest
configure:3847: $? = 0
configure:3870: result: 8
configure:4083: checking GL/gl.h usability
configure:4095: gcc -c -g -Wall -O2 -fPIC -g -O2 -Wno-deprecated-declarations -fomit-frame-pointer -fno-strict-aliasing  -D_GNU_SOURCE -D_THREAD_SAFE -D_REENTRANT conftest.c >&5
conftest.c:57:19: fatal error: GL/gl.h: No such file or directory
 #include <GL/gl.h>
                   ^
compilation terminated.
configure:4101: $? = 1
configure: failed program was:
| /* confdefs.h.  */
| 
| #define PACKAGE_NAME ""
| #define PACKAGE_TARNAME ""
| #define PACKAGE_VERSION ""
| #define PACKAGE_STRING ""
| #define PACKAGE_BUGREPORT ""
| #ifdef __cplusplus
| extern "C" void exit (int) throw ();
| #endif
| #define STDC_HEADERS 1
| #define HAVE_SYS_TYPES_H 1
| #define HAVE_SYS_STAT_H 1
| #define HAVE_STDLIB_H 1
| #define HAVE_STRING_H 1
| #define HAVE_MEMORY_H 1
| #define HAVE_STRINGS_H 1
| #define HAVE_INTTYPES_H 1
| #define HAVE_STDINT_H 1
| #define HAVE_UNISTD_H 1
| #define SIZEOF_VOID_P 8
| /* end confdefs.h.  */
| #include <stdio.h>
| #if HAVE_SYS_TYPES_H
| # include <sys/types.h>
| #endif
| #if HAVE_SYS_STAT_H
| # include <sys/stat.h>
| #endif
| #if STDC_HEADERS
| # include <stdlib.h>
| # include <stddef.h>
| #else
| # if HAVE_STDLIB_H
| #  include <stdlib.h>
| # endif
| #endif
| #if HAVE_STRING_H
| # if !STDC_HEADERS && HAVE_MEMORY_H
| #  include <memory.h>
| # endif
| # include <string.h>
| #endif
| #if HAVE_STRINGS_H
| # include <strings.h>
| #endif
| #if HAVE_INTTYPES_H
| # include <inttypes.h>
| #else
| # if HAVE_STDINT_H
| #  include <stdint.h>
| # endif
| #endif
| #if HAVE_UNISTD_H
| # include <unistd.h>
| #endif
| #include <GL/gl.h>
configure:4124: result: no
configure:4128: checking GL/gl.h presence
configure:4138: gcc -E  -D_GNU_SOURCE -D_THREAD_SAFE -D_REENTRANT conftest.c
conftest.c:23:19: fatal error: GL/gl.h: No such file or directory
 #include <GL/gl.h>
                   ^
compilation terminated.
configure:4144: $? = 1
configure: failed program was:
| /* confdefs.h.  */
| 
| #define PACKAGE_NAME ""
| #define PACKAGE_TARNAME ""
| #define PACKAGE_VERSION ""
| #define PACKAGE_STRING ""
| #define PACKAGE_BUGREPORT ""
| #ifdef __cplusplus
| extern "C" void exit (int) throw ();
| #endif
| #define STDC_HEADERS 1
| #define HAVE_SYS_TYPES_H 1
| #define HAVE_SYS_STAT_H 1
| #define HAVE_STDLIB_H 1
| #define HAVE_STRING_H 1
| #define HAVE_MEMORY_H 1
| #define HAVE_STRINGS_H 1
| #define HAVE_INTTYPES_H 1
| #define HAVE_STDINT_H 1
| #define HAVE_UNISTD_H 1
| #define SIZEOF_VOID_P 8
| /* end confdefs.h.  */
| #include <GL/gl.h>
configure:4164: result: no
configure:4199: checking for GL/gl.h
configure:4206: result: no
configure:4230: checking OpenGL/gl.h usability
configure:4242: gcc -c -g -Wall -O2 -fPIC -g -O2 -Wno-deprecated-declarations -fomit-frame-pointer -fno-strict-aliasing  -D_GNU_SOURCE -D_THREAD_SAFE -D_REENTRANT conftest.c >&5
conftest.c:57:23: fatal error: OpenGL/gl.h: No such file or directory
 #include <OpenGL/gl.h>
                       ^
compilation terminated.
configure:4248: $? = 1
configure: failed program was:
| /* confdefs.h.  */
| 
| #define PACKAGE_NAME ""
| #define PACKAGE_TARNAME ""
| #define PACKAGE_VERSION ""
| #define PACKAGE_STRING ""
| #define PACKAGE_BUGREPORT ""
| #ifdef __cplusplus
| extern "C" void exit (int) throw ();
| #endif
| #define STDC_HEADERS 1
| #define HAVE_SYS_TYPES_H 1
| #define HAVE_SYS_STAT_H 1
| #define HAVE_STDLIB_H 1
| #define HAVE_STRING_H 1
| #define HAVE_MEMORY_H 1
| #define HAVE_STRINGS_H 1
| #define HAVE_INTTYPES_H 1
| #define HAVE_STDINT_H 1
| #define HAVE_UNISTD_H 1
| #define SIZEOF_VOID_P 8
| /* end confdefs.h.  */
| #include <stdio.h>
| #if HAVE_SYS_TYPES_H
| # include <sys/types.h>
| #endif
| #if HAVE_SYS_STAT_H
| # include <sys/stat.h>
| #endif
| #if STDC_HEADERS
| # include <stdlib.h>
| # include <stddef.h>
| #else
| # if HAVE_STDLIB_H
| #  include <stdlib.h>
| # endif
| #endif
| #if HAVE_STRING_H
| # if !STDC_HEADERS && HAVE_MEMORY_H
| #  include <memory.h>
| # endif
| # include <string.h>
| #endif
| #if HAVE_STRINGS_H
| # include <strings.h>
| #endif
| #if HAVE_INTTYPES_H
| # include <inttypes.h>
| #else
| # if HAVE_STDINT_H
| #  include <stdint.h>
| # endif
| #endif
| #if HAVE_UNISTD_H
| # include <unistd.h>
| #endif
| #include <OpenGL/gl.h>
configure:4271: result: no
configure:4275: checking OpenGL/gl.h presence
configure:4285: gcc -E  -D_GNU_SOURCE -D_THREAD_SAFE -D_REENTRANT conftest.c
conftest.c:23:23: fatal error: OpenGL/gl.h: No such file or directory
 #include <OpenGL/gl.h>
                       ^
compilation terminated.
configure:4291: $? = 1
configure: failed program was:
| /* confdefs.h.  */
| 
| #define PACKAGE_NAME ""
| #define PACKAGE_TARNAME ""
| #define PACKAGE_VERSION ""
| #define PACKAGE_STRING ""
| #define PACKAGE_BUGREPORT ""
| #ifdef __cplusplus
| extern "C" void exit (int) throw ();
| #endif
| #define STDC_HEADERS 1
| #define HAVE_SYS_TYPES_H 1
| #define HAVE_SYS_STAT_H 1
| #define HAVE_STDLIB_H 1
| #define HAVE_STRING_H 1
| #define HAVE_MEMORY_H 1
| #define HAVE_STRINGS_H 1
| #define HAVE_INTTYPES_H 1
| #define HAVE_STDINT_H 1
| #define HAVE_UNISTD_H 1
| #define SIZEOF_VOID_P 8
| /* end confdefs.h.  */
| #include <OpenGL/gl.h>
configure:4311: result: no
configure:4346: checking for OpenGL/gl.h
configure:4353: result: no
configure:4374: Checking for OpenGL headers in /usr/X11R6
configure:4392: checking GL/gl.h usability
configure:4404: gcc -c -g -Wall -O2 -fPIC -g -O2 -Wno-deprecated-declarations -fomit-frame-pointer -fno-strict-aliasing -isystem /usr/X11R6/include  -D_GNU_SOURCE -D_THREAD_SAFE -D_REENTRANT conftest.c >&5
conftest.c:57:19: fatal error: GL/gl.h: No such file or directory
 #include <GL/gl.h>
                   ^
compilation terminated.
configure:4410: $? = 1
configure: failed program was:
| /* confdefs.h.  */
| 
| #define PACKAGE_NAME ""
| #define PACKAGE_TARNAME ""
| #define PACKAGE_VERSION ""
| #define PACKAGE_STRING ""
| #define PACKAGE_BUGREPORT ""
| #ifdef __cplusplus
| extern "C" void exit (int) throw ();
| #endif
| #define STDC_HEADERS 1
| #define HAVE_SYS_TYPES_H 1
| #define HAVE_SYS_STAT_H 1
| #define HAVE_STDLIB_H 1
| #define HAVE_STRING_H 1
| #define HAVE_MEMORY_H 1
| #define HAVE_STRINGS_H 1
| #define HAVE_INTTYPES_H 1
| #define HAVE_STDINT_H 1
| #define HAVE_UNISTD_H 1
| #define SIZEOF_VOID_P 8
| /* end confdefs.h.  */
| #include <stdio.h>
| #if HAVE_SYS_TYPES_H
| # include <sys/types.h>
| #endif
| #if HAVE_SYS_STAT_H
| # include <sys/stat.h>
| #endif
| #if STDC_HEADERS
| # include <stdlib.h>
| # include <stddef.h>
| #else
| # if HAVE_STDLIB_H
| #  include <stdlib.h>
| # endif
| #endif
| #if HAVE_STRING_H
| # if !STDC_HEADERS && HAVE_MEMORY_H
| #  include <memory.h>
| # endif
| # include <string.h>
| #endif
| #if HAVE_STRINGS_H
| # include <strings.h>
| #endif
| #if HAVE_INTTYPES_H
| # include <inttypes.h>
| #else
| # if HAVE_STDINT_H
| #  include <stdint.h>
| # endif
| #endif
| #if HAVE_UNISTD_H
| # include <unistd.h>
| #endif
| #include <GL/gl.h>
configure:4433: result: no
configure:4437: checking GL/gl.h presence
configure:4447: gcc -E -isystem /usr/X11R6/include  -D_GNU_SOURCE -D_THREAD_SAFE -D_REENTRANT conftest.c
conftest.c:23:19: fatal error: GL/gl.h: No such file or directory
 #include <GL/gl.h>
                   ^
compilation terminated.
configure:4453: $? = 1
configure: failed program was:
| /* confdefs.h.  */
| 
| #define PACKAGE_NAME ""
| #define PACKAGE_TARNAME ""
| #define PACKAGE_VERSION ""
| #define PACKAGE_STRING ""
| #define PACKAGE_BUGREPORT ""
| #ifdef __cplusplus
| extern "C" void exit (int) throw ();
| #endif
| #define STDC_HEADERS 1
| #define HAVE_SYS_TYPES_H 1
| #define HAVE_SYS_STAT_H 1
| #define HAVE_STDLIB_H 1
| #define HAVE_STRING_H 1
| #define HAVE_MEMORY_H 1
| #define HAVE_STRINGS_H 1
| #define HAVE_INTTYPES_H 1
| #define HAVE_STDINT_H 1
| #define HAVE_UNISTD_H 1
| #define SIZEOF_VOID_P 8
| /* end confdefs.h.  */
| #include <GL/gl.h>
configure:4473: result: no
configure:4508: checking for GL/gl.h
configure:4515: result: no
configure:4529: Checking for OpenGL headers in /usr/local
configure:4547: checking GL/gl.h usability
configure:4559: gcc -c -g -Wall -O2 -fPIC -g -O2 -Wno-deprecated-declarations -fomit-frame-pointer -fno-strict-aliasing -isystem /usr/local/include  -D_GNU_SOURCE -D_THREAD_SAFE -D_REENTRANT conftest.c >&5
conftest.c:57:19: fatal error: GL/gl.h: No such file or directory
 #include <GL/gl.h>
                   ^
compilation terminated.
configure:4565: $? = 1
configure: failed program was:
| /* confdefs.h.  */
| 
| #define PACKAGE_NAME ""
| #define PACKAGE_TARNAME ""
| #define PACKAGE_VERSION ""
| #define PACKAGE_STRING ""
| #define PACKAGE_BUGREPORT ""
| #ifdef __cplusplus
| extern "C" void exit (int) throw ();
| #endif
| #define STDC_HEADERS 1
| #define HAVE_SYS_TYPES_H 1
| #define HAVE_SYS_STAT_H 1
| #define HAVE_STDLIB_H 1
| #define HAVE_STRING_H 1
| #define HAVE_MEMORY_H 1
| #define HAVE_STRINGS_H 1
| #define HAVE_INTTYPES_H 1
| #define HAVE_STDINT_H 1
| #define HAVE_UNISTD_H 1
| #define SIZEOF_VOID_P 8
| /* end confdefs.h.  */
| #include <stdio.h>
| #if HAVE_SYS_TYPES_H
| # include <sys/types.h>
| #endif
| #if HAVE_SYS_STAT_H
| # include <sys/stat.h>
| #endif
| #if STDC_HEADERS
| # include <stdlib.h>
| # include <stddef.h>
| #else
| # if HAVE_STDLIB_H
| #  include <stdlib.h>
| # endif
| #endif
| #if HAVE_STRING_H
| # if !STDC_HEADERS && HAVE_MEMORY_H
| #  include <memory.h>
| # endif
| # include <string.h>
| #endif
| #if HAVE_STRINGS_H
| # include <strings.h>
| #endif
| #if HAVE_INTTYPES_H
| # include <inttypes.h>
| #else
| # if HAVE_STDINT_H
| #  include <stdint.h>
| # endif
| #endif
| #if HAVE_UNISTD_H
| # include <unistd.h>
| #endif
| #include <GL/gl.h>
configure:4588: result: no
configure:4592: checking GL/gl.h presence
configure:4602: gcc -E -isystem /usr/local/include  -D_GNU_SOURCE -D_THREAD_SAFE -D_REENTRANT conftest.c
conftest.c:23:19: fatal error: GL/gl.h: No such file or directory
 #include <GL/gl.h>
                   ^
compilation terminated.
configure:4608: $? = 1
configure: failed program was:
| /* confdefs.h.  */
| 
| #define PACKAGE_NAME ""
| #define PACKAGE_TARNAME ""
| #define PACKAGE_VERSION ""
| #define PACKAGE_STRING ""
| #define PACKAGE_BUGREPORT ""
| #ifdef __cplusplus
| extern "C" void exit (int) throw ();
| #endif
| #define STDC_HEADERS 1
| #define HAVE_SYS_TYPES_H 1
| #define HAVE_SYS_STAT_H 1
| #define HAVE_STDLIB_H 1
| #define HAVE_STRING_H 1
| #define HAVE_MEMORY_H 1
| #define HAVE_STRINGS_H 1
| #define HAVE_INTTYPES_H 1
| #define HAVE_STDINT_H 1
| #define HAVE_UNISTD_H 1
| #define SIZEOF_VOID_P 8
| /* end confdefs.h.  */
| #include <GL/gl.h>
configure:4628: result: no
configure:4663: checking for GL/gl.h
configure:4670: result: no
configure:4684: WARNING: No OpenGL headers found, wx will NOT be usable
configure:4773: checking GL/glu.h usability
configure:4785: gcc -c -g -Wall -O2 -fPIC -g -O2 -Wno-deprecated-declarations -fomit-frame-pointer -fno-strict-aliasing  -D_GNU_SOURCE -D_THREAD_SAFE -D_REENTRANT conftest.c >&5
conftest.c:57:20: fatal error: GL/glu.h: No such file or directory
 #include <GL/glu.h>
                    ^
compilation terminated.
configure:4791: $? = 1
configure: failed program was:
| /* confdefs.h.  */
| 
| #define PACKAGE_NAME ""
| #define PACKAGE_TARNAME ""
| #define PACKAGE_VERSION ""
| #define PACKAGE_STRING ""
| #define PACKAGE_BUGREPORT ""
| #ifdef __cplusplus
| extern "C" void exit (int) throw ();
| #endif
| #define STDC_HEADERS 1
| #define HAVE_SYS_TYPES_H 1
| #define HAVE_SYS_STAT_H 1
| #define HAVE_STDLIB_H 1
| #define HAVE_STRING_H 1
| #define HAVE_MEMORY_H 1
| #define HAVE_STRINGS_H 1
| #define HAVE_INTTYPES_H 1
| #define HAVE_STDINT_H 1
| #define HAVE_UNISTD_H 1
| #define SIZEOF_VOID_P 8
| /* end confdefs.h.  */
| #include <stdio.h>
| #if HAVE_SYS_TYPES_H
| # include <sys/types.h>
| #endif
| #if HAVE_SYS_STAT_H
| # include <sys/stat.h>
| #endif
| #if STDC_HEADERS
| # include <stdlib.h>
| # include <stddef.h>
| #else
| # if HAVE_STDLIB_H
| #  include <stdlib.h>
| # endif
| #endif
| #if HAVE_STRING_H
| # if !STDC_HEADERS && HAVE_MEMORY_H
| #  include <memory.h>
| # endif
| # include <string.h>
| #endif
| #if HAVE_STRINGS_H
| # include <strings.h>
| #endif
| #if HAVE_INTTYPES_H
| # include <inttypes.h>
| #else
| # if HAVE_STDINT_H
| #  include <stdint.h>
| # endif
| #endif
| #if HAVE_UNISTD_H
| # include <unistd.h>
| #endif
| #include <GL/glu.h>
configure:4814: result: no
configure:4818: checking GL/glu.h presence
configure:4828: gcc -E  -D_GNU_SOURCE -D_THREAD_SAFE -D_REENTRANT conftest.c
conftest.c:23:20: fatal error: GL/glu.h: No such file or directory
 #include <GL/glu.h>
                    ^
compilation terminated.
configure:4834: $? = 1
configure: failed program was:
| /* confdefs.h.  */
| 
| #define PACKAGE_NAME ""
| #define PACKAGE_TARNAME ""
| #define PACKAGE_VERSION ""
| #define PACKAGE_STRING ""
| #define PACKAGE_BUGREPORT ""
| #ifdef __cplusplus
| extern "C" void exit (int) throw ();
| #endif
| #define STDC_HEADERS 1
| #define HAVE_SYS_TYPES_H 1
| #define HAVE_SYS_STAT_H 1
| #define HAVE_STDLIB_H 1
| #define HAVE_STRING_H 1
| #define HAVE_MEMORY_H 1
| #define HAVE_STRINGS_H 1
| #define HAVE_INTTYPES_H 1
| #define HAVE_STDINT_H 1
| #define HAVE_UNISTD_H 1
| #define SIZEOF_VOID_P 8
| /* end confdefs.h.  */
| #include <GL/glu.h>
configure:4854: result: no
configure:4889: checking for GL/glu.h
configure:4896: result: no
configure:4920: checking OpenGL/glu.h usability
configure:4932: gcc -c -g -Wall -O2 -fPIC -g -O2 -Wno-deprecated-declarations -fomit-frame-pointer -fno-strict-aliasing  -D_GNU_SOURCE -D_THREAD_SAFE -D_REENTRANT conftest.c >&5
conftest.c:57:24: fatal error: OpenGL/glu.h: No such file or directory
 #include <OpenGL/glu.h>
                        ^
compilation terminated.
configure:4938: $? = 1
configure: failed program was:
| /* confdefs.h.  */
| 
| #define PACKAGE_NAME ""
| #define PACKAGE_TARNAME ""
| #define PACKAGE_VERSION ""
| #define PACKAGE_STRING ""
| #define PACKAGE_BUGREPORT ""
| #ifdef __cplusplus
| extern "C" void exit (int) throw ();
| #endif
| #define STDC_HEADERS 1
| #define HAVE_SYS_TYPES_H 1
| #define HAVE_SYS_STAT_H 1
| #define HAVE_STDLIB_H 1
| #define HAVE_STRING_H 1
| #define HAVE_MEMORY_H 1
| #define HAVE_STRINGS_H 1
| #define HAVE_INTTYPES_H 1
| #define HAVE_STDINT_H 1
| #define HAVE_UNISTD_H 1
| #define SIZEOF_VOID_P 8
| /* end confdefs.h.  */
| #include <stdio.h>
| #if HAVE_SYS_TYPES_H
| # include <sys/types.h>
| #endif
| #if HAVE_SYS_STAT_H
| # include <sys/stat.h>
| #endif
| #if STDC_HEADERS
| # include <stdlib.h>
| # include <stddef.h>
| #else
| # if HAVE_STDLIB_H
| #  include <stdlib.h>
| # endif
| #endif
| #if HAVE_STRING_H
| # if !STDC_HEADERS && HAVE_MEMORY_H
| #  include <memory.h>
| # endif
| # include <string.h>
| #endif
| #if HAVE_STRINGS_H
| # include <strings.h>
| #endif
| #if HAVE_INTTYPES_H
| # include <inttypes.h>
| #else
| # if HAVE_STDINT_H
| #  include <stdint.h>
| # endif
| #endif
| #if HAVE_UNISTD_H
| # include <unistd.h>
| #endif
| #include <OpenGL/glu.h>
configure:4961: result: no
configure:4965: checking OpenGL/glu.h presence
configure:4975: gcc -E  -D_GNU_SOURCE -D_THREAD_SAFE -D_REENTRANT conftest.c
conftest.c:23:24: fatal error: OpenGL/glu.h: No such file or directory
 #include <OpenGL/glu.h>
                        ^
compilation terminated.
configure:4981: $? = 1
configure: failed program was:
| /* confdefs.h.  */
| 
| #define PACKAGE_NAME ""
| #define PACKAGE_TARNAME ""
| #define PACKAGE_VERSION ""
| #define PACKAGE_STRING ""
| #define PACKAGE_BUGREPORT ""
| #ifdef __cplusplus
| extern "C" void exit (int) throw ();
| #endif
| #define STDC_HEADERS 1
| #define HAVE_SYS_TYPES_H 1
| #define HAVE_SYS_STAT_H 1
| #define HAVE_STDLIB_H 1
| #define HAVE_STRING_H 1
| #define HAVE_MEMORY_H 1
| #define HAVE_STRINGS_H 1
| #define HAVE_INTTYPES_H 1
| #define HAVE_STDINT_H 1
| #define HAVE_UNISTD_H 1
| #define SIZEOF_VOID_P 8
| /* end confdefs.h.  */
| #include <OpenGL/glu.h>
configure:5001: result: no
configure:5036: checking for OpenGL/glu.h
configure:5043: result: no
configure:5063: WARNING: No GLU headers found, wx will NOT be usable
configure:5302: checking for debug build of wxWidgets
configure:5336: checking for wx-config
configure:5368: result: no
configure:5578: checking for standard build of wxWidgets
configure:5611: checking for wx-config
configure:5643: result: no
configure:5902: WARNING:
                wxWidgets must be installed on your system.

		Please check that wx-config is in path, the directory
		where wxWidgets libraries are installed (returned by
		'wx-config --libs' or 'wx-config --static --libs' command)
		is in LD_LIBRARY_PATH or equivalent variable and
		wxWidgets version is 2.8.4 or above.
configure:6819: checking if we can add -Werror=return-type to CFLAGS (via CFLAGS)
configure:6839: gcc -c -Werror=return-type -g -Wall -O2 -fPIC -g -O2 -Wno-deprecated-declarations -fomit-frame-pointer -fno-strict-aliasing  -D_GNU_SOURCE -D_THREAD_SAFE -D_REENTRANT   -D_GNU_SOURCE -D_THREAD_SAFE -D_REENTRANT conftest.c >&5
configure:6845: $? = 0
configure:6849: test -z 
			 || test ! -s conftest.err
configure:6852: $? = 0
configure:6855: test -s conftest.o
configure:6858: $? = 0
configure:6870: result: yes
configure:6879: checking if we can add -Werror=return-type to CXXFLAGS (via CFLAGS)
configure:6899: gcc -c -Werror=return-type  -g -Wall -O2 -fPIC -g -O2 -Wno-deprecated-declarations -fomit-frame-pointer -fno-strict-aliasing  -D_GNU_SOURCE -D_THREAD_SAFE -D_REENTRANT  -D_GNU_SOURCE -D_THREAD_SAFE -D_REENTRANT conftest.c >&5
configure:6905: $? = 0
configure:6909: test -z 
			 || test ! -s conftest.err
configure:6912: $? = 0
configure:6915: test -s conftest.o
configure:6918: $? = 0
configure:6930: result: yes
configure:7105: creating x86_64-unknown-linux-gnu/config.status

## ---------------------- ##
## Running config.status. ##
## ---------------------- ##

This file was extended by config.status, which was
generated by GNU Autoconf 2.59.  Invocation command line was

  CONFIG_FILES    = 
  CONFIG_HEADERS  = 
  CONFIG_LINKS    = 
  CONFIG_COMMANDS = 
  $ x86_64-unknown-linux-gnu/config.status 

on 4ea2e8cb9565

config.status:688: creating config.mk
config.status:688: creating c_src/Makefile

## ---------------- ##
## Cache variables. ##
## ---------------- ##

ac_cv_build=x86_64-unknown-linux-gnu
ac_cv_build_alias=x86_64-unknown-linux-gnu
ac_cv_c_compiler_gnu=yes
ac_cv_cxx_compiler_gnu=yes
ac_cv_env_CC_set=
ac_cv_env_CC_value=
ac_cv_env_CFLAGS_set=
ac_cv_env_CFLAGS_value=
ac_cv_env_CPPFLAGS_set=
ac_cv_env_CPPFLAGS_value=
ac_cv_env_CPP_set=
ac_cv_env_CPP_value=
ac_cv_env_CXXFLAGS_set=
ac_cv_env_CXXFLAGS_value=
ac_cv_env_CXX_set=
ac_cv_env_CXX_value=
ac_cv_env_LDFLAGS_set=
ac_cv_env_LDFLAGS_value=
ac_cv_env_build_alias_set=
ac_cv_env_build_alias_value=
ac_cv_env_host_alias_set=
ac_cv_env_host_alias_value=
ac_cv_env_target_alias_set=
ac_cv_env_target_alias_value=
ac_cv_exeext=
ac_cv_header_GL_gl_h=no
ac_cv_header_GL_glu_h=no
ac_cv_header_OpenGL_gl_h=no
ac_cv_header_OpenGL_glu_h=no
ac_cv_header_inttypes_h=yes
ac_cv_header_memory_h=yes
ac_cv_header_stdc=yes
ac_cv_header_stdint_h=yes
ac_cv_header_stdlib_h=yes
ac_cv_header_string_h=yes
ac_cv_header_strings_h=yes
ac_cv_header_sys_stat_h=yes
ac_cv_header_sys_types_h=yes
ac_cv_header_unistd_h=yes
ac_cv_host=x86_64-unknown-linux-gnu
ac_cv_host_alias=x86_64-unknown-linux-gnu
ac_cv_objext=o
ac_cv_path_WX_CONFIG_PATH=no
ac_cv_prog_CPP='gcc -E'
ac_cv_prog_ac_ct_CC=gcc
ac_cv_prog_ac_ct_CXX=g++
ac_cv_prog_ac_ct_RANLIB=ranlib
ac_cv_prog_cc_g=yes
ac_cv_prog_cc_stdc=
ac_cv_prog_cxx_g=yes
ac_cv_prog_egrep='grep -E'
ac_cv_sizeof_void_p=8
ac_cv_type_void_p=yes

## ----------------- ##
## Output variables. ##
## ----------------- ##

CC='gcc'
CFLAGS='-Werror=return-type -g -Wall -O2 -fPIC -g -O2 -Wno-deprecated-declarations -fomit-frame-pointer -fno-strict-aliasing  -D_GNU_SOURCE -D_THREAD_SAFE -D_REENTRANT '
CPP='gcc -E'
CPPFLAGS=' -D_GNU_SOURCE -D_THREAD_SAFE -D_REENTRANT'
CXX='g++'
CXXFLAGS='-Werror=return-type  -g -Wall -O2 -fPIC -g -O2 -Wno-deprecated-declarations -fomit-frame-pointer -fno-strict-aliasing  -D_GNU_SOURCE -D_THREAD_SAFE -D_REENTRANT'
DEBUG_CFLAGS='-g -Wall -fPIC -g -O2 -Wno-deprecated-declarations -DDEBUG  -D_GNU_SOURCE -D_THREAD_SAFE -D_REENTRANT '
DEBUG_CXXFLAGS=' -g -Wall -fPIC -g -O2 -Wno-deprecated-declarations -DDEBUG  -D_GNU_SOURCE -D_THREAD_SAFE -D_REENTRANT'
DEBUG_WX_CFLAGS=''
DEBUG_WX_CXXFLAGS=''
DEBUG_WX_LIBS=''
DEBUG_WX_LIBS_STATIC=''
DEFS='-DPACKAGE_NAME=\"\" -DPACKAGE_TARNAME=\"\" -DPACKAGE_VERSION=\"\" -DPACKAGE_STRING=\"\" -DPACKAGE_BUGREPORT=\"\" -DSTDC_HEADERS=1 -DHAVE_SYS_TYPES_H=1 -DHAVE_SYS_STAT_H=1 -DHAVE_STDLIB_H=1 -DHAVE_STRING_H=1 -DHAVE_MEMORY_H=1 -DHAVE_STRINGS_H=1 -DHAVE_INTTYPES_H=1 -DHAVE_STDINT_H=1 -DHAVE_UNISTD_H=1 -DSIZEOF_VOID_P=8 '
ECHO_C=''
ECHO_N='-n'
ECHO_T=''
EGREP='grep -E'
ERLANG_ROOT_DIR='/buildroot/otp_src_17.0'
ERLC='erlc'
EXEEXT=''
FORCED_DEBUG_BUILD=''
GL_LIBS='-lGL -lGLU'
HAVE_GL_SUPPORT=''
LDFLAGS='-shared -fPIC '
LIBOBJS=''
LIBS=''
LTLIBOBJS=''
MIXED_CYGWIN='no'
MIXED_CYGWIN_MINGW='no'
MIXED_CYGWIN_VC='no'
MIXED_MSYS='no'
MIXED_MSYS_VC='no'
MIXED_VC='no'
OBJC_CC='gcc'
OBJC_CFLAGS=''
OBJEXT='o'
PACKAGE_BUGREPORT=''
PACKAGE_NAME=''
PACKAGE_STRING=''
PACKAGE_TARNAME=''
PACKAGE_VERSION=''
PATH_SEPARATOR=':'
RANLIB='ranlib'
RC_FILE_TYPE='o'
RUN_ERL='erl'
SHELL='/bin/sh'
SO_EXT='.so'
TARGET='x86_64-unknown-linux-gnu'
TESS_CB_TIGER_STYLE=''
WXERL_CAN_BUILD_DRIVER='false'
WXERL_SYS_TYPE='x86_64-unknown-linux-gnu'
WX_BUILDING_INSIDE_ERLSRC='true'
WX_CFLAGS=''
WX_CFLAGS_ONLY=''
WX_CONFIG_PATH='no'
WX_CPPFLAGS=''
WX_CXXFLAGS=''
WX_CXXFLAGS_ONLY=''
WX_HAVE_STATIC_LIBS='false'
WX_LIBS=''
WX_LIBS_STATIC=''
WX_RESCOMP=''
WX_VERSION=''
WX_VERSION_MAJOR=''
WX_VERSION_MICRO=''
WX_VERSION_MINOR=''
ac_ct_CC='gcc'
ac_ct_CXX='g++'
ac_ct_RANLIB='ranlib'
bindir='${exec_prefix}/bin'
build='x86_64-unknown-linux-gnu'
build_alias=''
build_cpu='x86_64'
build_os='linux-gnu'
build_vendor='unknown'
datadir='${prefix}/share'
exec_prefix='${prefix}'
host='x86_64-unknown-linux-gnu'
host_alias=''
host_cpu='x86_64'
host_os='linux-gnu'
host_vendor='unknown'
includedir='${prefix}/include'
infodir='${prefix}/info'
libdir='${exec_prefix}/lib'
libexecdir='${exec_prefix}/libexec'
localstatedir='${prefix}/var'
mandir='${prefix}/man'
oldincludedir='/usr/include'
prefix='/usr/local'
program_transform_name='s,x,x,'
sbindir='${exec_prefix}/sbin'
sharedstatedir='${prefix}/com'
sysconfdir='${prefix}/etc'
target_alias=''

## ----------- ##
## confdefs.h. ##
## ----------- ##

#define HAVE_INTTYPES_H 1
#define HAVE_MEMORY_H 1
#define HAVE_STDINT_H 1
#define HAVE_STDLIB_H 1
#define HAVE_STRINGS_H 1
#define HAVE_STRING_H 1
#define HAVE_SYS_STAT_H 1
#define HAVE_SYS_TYPES_H 1
#define HAVE_UNISTD_H 1
#define PACKAGE_BUGREPORT ""
#define PACKAGE_NAME ""
#define PACKAGE_STRING ""
#define PACKAGE_TARNAME ""
#define PACKAGE_VERSION ""
#define SIZEOF_VOID_P 8
#define STDC_HEADERS 1
#endif
#ifdef __cplusplus
extern "C" void exit (int) throw ();

configure: exit 0
