This file contains any messages produced by compilers while
running configure, to aid debugging if configure makes a mistake.

It was created by configure, which was
generated by GNU Autoconf 2.59.  Invocation command line was

  $ /buildroot/otp_src_17.0/lib/megaco/./configure --prefix=/usr/local --prefix=/usr/local --cache-file=/dev/null --srcdir=/buildroot/otp_src_17.0/lib --cache-file=/dev/null --srcdir=/buildroot/otp_src_17.0/lib/megaco/.

## --------- ##
## Platform. ##
## --------- ##

hostname = 4ea2e8cb9565
uname -m = x86_64
uname -r = 4.13.16-coreos-r2
uname -s = Linux
uname -v = #1 SMP Wed Dec 6 04:27:34 UTC 2017

/usr/bin/uname -p = x86_64
/bin/uname -X     = unknown

/bin/arch              = x86_64
/usr/bin/arch -k       = unknown
/usr/convex/getsysinfo = unknown
hostinfo               = unknown
/bin/machine           = unknown
/usr/bin/oslevel       = unknown
/bin/universe          = unknown

PATH: /usr/local/sbin
PATH: /usr/local/bin
PATH: /usr/sbin
PATH: /usr/bin
PATH: /sbin
PATH: /bin


## ----------- ##
## Core tests. ##
## ----------- ##

configure:1320: checking build system type
configure:1338: result: x86_64-unknown-linux-gnu
configure:1346: checking host system type
configure:1360: result: x86_64-unknown-linux-gnu
configure:1437: checking for gcc
configure:1453: found /usr/bin/gcc
configure:1463: result: gcc
configure:1707: checking for C compiler version
configure:1710: gcc --version </dev/null >&5
gcc (GCC) 4.8.5 20150623 (Red Hat 4.8.5-16)
Copyright (C) 2015 Free Software Foundation, Inc.
This is free software; see the source for copying conditions.  There is NO
warranty; not even for MERCHANTABILITY or FITNESS FOR A PARTICULAR PURPOSE.

configure:1713: $? = 0
configure:1715: gcc -v </dev/null >&5
Using built-in specs.
COLLECT_GCC=gcc
COLLECT_LTO_WRAPPER=/usr/libexec/gcc/x86_64-redhat-linux/4.8.5/lto-wrapper
Target: x86_64-redhat-linux
Configured with: ../configure --prefix=/usr --mandir=/usr/share/man --infodir=/usr/share/info --with-bugurl=http://bugzilla.redhat.com/bugzilla --enable-bootstrap --enable-shared --enable-threads=posix --enable-checking=release --with-system-zlib --enable-__cxa_atexit --disable-libunwind-exceptions --enable-gnu-unique-object --enable-linker-build-id --with-linker-hash-style=gnu --enable-languages=c,c++,objc,obj-c++,java,fortran,ada,go,lto --enable-plugin --enable-initfini-array --disable-libgcj --with-isl=/builddir/build/BUILD/gcc-4.8.5-20150702/obj-x86_64-redhat-linux/isl-install --with-cloog=/builddir/build/BUILD/gcc-4.8.5-20150702/obj-x86_64-redhat-linux/cloog-install --enable-gnu-indirect-function --with-tune=generic --with-arch_32=x86-64 --build=x86_64-redhat-linux
Thread model: posix
gcc version 4.8.5 20150623 (Red Hat 4.8.5-16) (GCC) 
configure:1718: $? = 0
configure:1720: gcc -V </dev/null >&5
gcc: error: unrecognized command line option '-V'
gcc: fatal error: no input files
compilation terminated.
configure:1723: $? = 4
configure:1746: checking for C compiler default output file name
configure:1749: gcc    conftest.c  >&5
configure:1752: $? = 0
configure:1798: result: a.out
configure:1803: checking whether the C compiler works
configure:1809: ./a.out
configure:1812: $? = 0
configure:1829: result: yes
configure:1836: checking whether we are cross compiling
configure:1838: result: no
configure:1841: checking for suffix of executables
configure:1843: gcc -o conftest    conftest.c  >&5
configure:1846: $? = 0
configure:1871: result: 
configure:1877: checking for suffix of object files
configure:1898: gcc -c   conftest.c >&5
configure:1901: $? = 0
configure:1923: result: o
configure:1927: checking whether we are using the GNU C compiler
configure:1951: gcc -c   conftest.c >&5
configure:1957: $? = 0
configure:1961: test -z 
			 || test ! -s conftest.err
configure:1964: $? = 0
configure:1967: test -s conftest.o
configure:1970: $? = 0
configure:1983: result: yes
configure:1989: checking whether gcc accepts -g
configure:2010: gcc -c -g  conftest.c >&5
configure:2016: $? = 0
configure:2020: test -z 
			 || test ! -s conftest.err
configure:2023: $? = 0
configure:2026: test -s conftest.o
configure:2029: $? = 0
configure:2040: result: yes
configure:2057: checking for gcc option to accept ANSI C
configure:2127: gcc  -c -g -O2  conftest.c >&5
configure:2133: $? = 0
configure:2137: test -z 
			 || test ! -s conftest.err
configure:2140: $? = 0
configure:2143: test -s conftest.o
configure:2146: $? = 0
configure:2164: result: none needed
configure:2182: gcc -c -g -O2  conftest.c >&5
conftest.c:2:3: error: unknown type name 'choke'
   choke me
   ^
conftest.c:2:3: error: expected '=', ',', ';', 'asm' or '__attribute__' at end of input
configure:2188: $? = 1
configure: failed program was:
| #ifndef __cplusplus
|   choke me
| #endif
configure:2326: checking for flex
configure:2355: result: no
configure:2326: checking for lex
configure:2355: result: no
configure:2365: checking for yywrap in -lfl
configure:2395: gcc -o conftest -g -O2   conftest.c -lfl   >&5
/usr/bin/ld: cannot find -lfl
collect2: error: ld returned 1 exit status
configure:2401: $? = 1
configure: failed program was:
| /* confdefs.h.  */
| 
| #define PACKAGE_NAME ""
| #define PACKAGE_TARNAME ""
| #define PACKAGE_VERSION ""
| #define PACKAGE_STRING ""
| #define PACKAGE_BUGREPORT ""
| /* end confdefs.h.  */
| 
| /* Override any gcc2 internal prototype to avoid an error.  */
| #ifdef __cplusplus
| extern "C"
| #endif
| /* We use char because int might match the return type of a gcc2
|    builtin and then its argument prototype would still apply.  */
| char yywrap ();
| int
| main ()
| {
| yywrap ();
|   ;
|   return 0;
| }
configure:2427: result: no
configure:2432: checking for yywrap in -ll
configure:2462: gcc -o conftest -g -O2   conftest.c -ll   >&5
/usr/bin/ld: cannot find -ll
collect2: error: ld returned 1 exit status
configure:2468: $? = 1
configure: failed program was:
| /* confdefs.h.  */
| 
| #define PACKAGE_NAME ""
| #define PACKAGE_TARNAME ""
| #define PACKAGE_VERSION ""
| #define PACKAGE_STRING ""
| #define PACKAGE_BUGREPORT ""
| /* end confdefs.h.  */
| 
| /* Override any gcc2 internal prototype to avoid an error.  */
| #ifdef __cplusplus
| extern "C"
| #endif
| /* We use char because int might match the return type of a gcc2
|    builtin and then its argument prototype would still apply.  */
| char yywrap ();
| int
| main ()
| {
| yywrap ();
|   ;
|   return 0;
| }
configure:2494: result: no
configure:2690: checking if we can add -Werror=return-type to CFLAGS (via CFLAGS)
configure:2710: gcc -c -Werror=return-type -g -O2  conftest.c >&5
configure:2716: $? = 0
configure:2720: test -z 
			 || test ! -s conftest.err
configure:2723: $? = 0
configure:2726: test -s conftest.o
configure:2729: $? = 0
configure:2741: result: yes
configure:2752: checking for usable Dynamic Erlang Driver configuration
configure:2765: result: yes
configure:3697: checking for perl
configure:3713: found /usr/bin/perl
configure:3724: result: perl
configure:3864: creating ./config.status

## ---------------------- ##
## Running config.status. ##
## ---------------------- ##

This file was extended by config.status, which was
generated by GNU Autoconf 2.59.  Invocation command line was

  CONFIG_FILES    = 
  CONFIG_HEADERS  = 
  CONFIG_LINKS    = 
  CONFIG_COMMANDS = 
  $ ./config.status 

on 4ea2e8cb9565

config.status:655: creating examples/meas/Makefile
configure:4795: creating ./config.status

## ---------------------- ##
## Running config.status. ##
## ---------------------- ##

This file was extended by config.status, which was
generated by GNU Autoconf 2.59.  Invocation command line was

  CONFIG_FILES    = 
  CONFIG_HEADERS  = 
  CONFIG_LINKS    = 
  CONFIG_COMMANDS = 
  $ ./config.status 

on 4ea2e8cb9565

config.status:656: creating examples/meas/Makefile
config.status:656: creating src/flex/x86_64-unknown-linux-gnu/Makefile

## ---------------- ##
## Cache variables. ##
## ---------------- ##

ac_cv_build=x86_64-unknown-linux-gnu
ac_cv_build_alias=x86_64-unknown-linux-gnu
ac_cv_c_compiler_gnu=yes
ac_cv_env_CC_set=
ac_cv_env_CC_value=
ac_cv_env_CFLAGS_set=
ac_cv_env_CFLAGS_value=
ac_cv_env_CPPFLAGS_set=
ac_cv_env_CPPFLAGS_value=
ac_cv_env_LDFLAGS_set=
ac_cv_env_LDFLAGS_value=
ac_cv_env_build_alias_set=
ac_cv_env_build_alias_value=
ac_cv_env_host_alias_set=
ac_cv_env_host_alias_value=
ac_cv_env_target_alias_set=
ac_cv_env_target_alias_value=
ac_cv_exeext=
ac_cv_host=x86_64-unknown-linux-gnu
ac_cv_host_alias=x86_64-unknown-linux-gnu
ac_cv_lib_fl_yywrap=no
ac_cv_lib_l_yywrap=no
ac_cv_objext=o
ac_cv_prog_PERL=perl
ac_cv_prog_ac_ct_CC=gcc
ac_cv_prog_cc_g=yes
ac_cv_prog_cc_stdc=

## ----------------- ##
## Output variables. ##
## ----------------- ##

CC='false'
CFLAGS='-Werror=return-type -g -O2'
CPPFLAGS=''
DED_CFLAGS=''
DED_INCLUDES=''
DED_LD='false'
DED_LDFLAGS=''
DED_THR_DEFS=''
DEFS='-DPACKAGE_NAME=\"\" -DPACKAGE_TARNAME=\"\" -DPACKAGE_VERSION=\"\" -DPACKAGE_STRING=\"\" -DPACKAGE_BUGREPORT=\"\" '
ECHO_C=''
ECHO_N='-n'
ECHO_T=''
ENABLE_MEGACO_FLEX_SCANNER='false'
ENABLE_MEGACO_FLEX_SCANNER_LINENO='true'
ENABLE_REENTRANT_MEGACO_FLEX_SCANNER='true'
ERLANG_OSTYPE='unix'
EXEEXT=''
HAVE_USABLE_OTP_DED_MK='yes'
LDFLAGS=''
LEX=':'
LEXLIB=''
LEX_OUTPUT_ROOT=''
LIBOBJS=''
LIBS=''
LTLIBOBJS=''
OBJEXT='o'
OTP_EXTRA_FLAGS='-DOTP_RELEASE'
PACKAGE_BUGREPORT=''
PACKAGE_NAME=''
PACKAGE_STRING=''
PACKAGE_TARNAME=''
PACKAGE_VERSION=''
PATH_SEPARATOR=':'
PERL='perl'
SHELL='/bin/sh'
ac_ct_CC='gcc'
ac_ct_DED_LD=''
bindir='${exec_prefix}/bin'
build='x86_64-unknown-linux-gnu'
build_alias=''
build_cpu='x86_64'
build_os='linux-gnu'
build_vendor='unknown'
datadir='${prefix}/share'
exec_prefix='${prefix}'
host='x86_64-unknown-linux-gnu'
host_alias=''
host_cpu='x86_64'
host_os='linux-gnu'
host_vendor='unknown'
includedir='${prefix}/include'
infodir='${prefix}/info'
libdir='${exec_prefix}/lib'
libexecdir='${exec_prefix}/libexec'
localstatedir='${prefix}/var'
mandir='${prefix}/man'
oldincludedir='/usr/include'
prefix='/usr/local'
program_transform_name='s,x,x,'
sbindir='${exec_prefix}/sbin'
sharedstatedir='${prefix}/com'
sysconfdir='${prefix}/etc'
target_alias=''

## ----------- ##
## confdefs.h. ##
## ----------- ##

#define PACKAGE_BUGREPORT ""
#define PACKAGE_NAME ""
#define PACKAGE_STRING ""
#define PACKAGE_TARNAME ""
#define PACKAGE_VERSION ""

configure: exit 0
